<?xml version="1.0" encoding="UTF-8"?>
<robot generator="Robot 3.2.2 (Python 3.9.0 on darwin)" generated="20210516 19:52:18.591" rpa="false">
<suite id="s1" name="Connector Tests" source="/Volumes/ext_drive/smarthala/04_Eeneman/src/multi-connector/robottests/connectors/kerava-indoor/connector_tests.robot">
<test id="s1-t1" name="fetch, 200">
<kw name="Get Body">
<assign>
<var>${body}</var>
</assign>
<kw name="Copy Dictionary" library="Collections">
<doc>Returns a copy of the given dictionary.</doc>
<arguments>
<arg>${BROKER_BODY}</arg>
<arg>deepcopy=True</arg>
</arguments>
<assign>
<var>${body}</var>
</assign>
<msg timestamp="20210516 19:52:19.338" level="INFO">${body} = {'productCode': 'kerava-indoor', 'parameters': {'ids': [{'idOfLocation': '5d779cb9541b0613acf44c25', 'idOfSensor': '5cee81ac541b0667cc783518'}, {'idOfLocation': '5d779cb9541b0613acf44c25', 'idOfSensor...</msg>
<status status="PASS" starttime="20210516 19:52:19.337" endtime="20210516 19:52:19.338"></status>
</kw>
<kw name="Get Current Date" library="DateTime">
<doc>Returns current local or UTC time with an optional increment.</doc>
<arguments>
<arg>time_zone=UTC</arg>
<arg>result_format=%Y-%m-%dT%H:%M:%S+00:00</arg>
</arguments>
<assign>
<var>${now}</var>
</assign>
<msg timestamp="20210516 19:52:19.339" level="INFO">${now} = 2021-05-16T16:52:19+00:00</msg>
<status status="PASS" starttime="20210516 19:52:19.338" endtime="20210516 19:52:19.339"></status>
</kw>
<kw name="Set To Dictionary" library="Collections">
<doc>Adds the given ``key_value_pairs`` and ``items`` to the ``dictionary``.</doc>
<arguments>
<arg>${body}</arg>
<arg>timestamp</arg>
<arg>${now}</arg>
</arguments>
<status status="PASS" starttime="20210516 19:52:19.340" endtime="20210516 19:52:19.343"></status>
</kw>
<kw name="Set To Dictionary" library="Collections">
<doc>Adds the given ``key_value_pairs`` and ``items`` to the ``dictionary``.</doc>
<arguments>
<arg>${body}</arg>
<arg>&amp;{kwargs}</arg>
</arguments>
<status status="PASS" starttime="20210516 19:52:19.344" endtime="20210516 19:52:19.345"></status>
</kw>
<kw name="Evaluate" library="BuiltIn">
<doc>Evaluates the given expression in Python and returns the result.</doc>
<arguments>
<arg>json.dumps(${body})</arg>
<arg>json</arg>
</arguments>
<assign>
<var>${json_string}</var>
</assign>
<msg timestamp="20210516 19:52:19.348" level="INFO">${json_string} = {"productCode": "kerava-indoor", "parameters": {"ids": [{"idOfLocation": "5d779cb9541b0613acf44c25", "idOfSensor": "5cee81ac541b0667cc783518"}, {"idOfLocation": "5d779cb9541b0613acf44c25", "idOfSensor...</msg>
<status status="PASS" starttime="20210516 19:52:19.346" endtime="20210516 19:52:19.348"></status>
</kw>
<msg timestamp="20210516 19:52:19.350" level="INFO">${body} = {'productCode': 'kerava-indoor', 'parameters': {'ids': [{'idOfLocation': '5d779cb9541b0613acf44c25', 'idOfSensor': '5cee81ac541b0667cc783518'}, {'idOfLocation': '5d779cb9541b0613acf44c25', 'idOfSensor...</msg>
<status status="PASS" starttime="20210516 19:52:19.335" endtime="20210516 19:52:19.350"></status>
</kw>
<kw name="Fetch Data Product">
<arguments>
<arg>${body}</arg>
</arguments>
<kw name="Calculate Pot Signature" library="PoTLib">
<arguments>
<arg>${body}</arg>
<arg>${CLIENT_SECRET}</arg>
</arguments>
<assign>
<var>${signature}</var>
</assign>
<msg timestamp="20210516 19:52:19.355" level="INFO">${signature} = B1n59UTlFUuaA5vZkdJeso8qPulGseuTmE3doWvRYPA=</msg>
<status status="PASS" starttime="20210516 19:52:19.353" endtime="20210516 19:52:19.355"></status>
</kw>
<kw name="Set Headers" library="REST">
<tags>
<tag>settings</tag>
</tags>
<doc>*Sets new request headers or updates the existing.*</doc>
<arguments>
<arg>{"x-pot-signature": "${signature}", "x-app-token": "${APP_TOKEN}"}</arg>
</arguments>
<status status="PASS" starttime="20210516 19:52:19.356" endtime="20210516 19:52:19.358"></status>
</kw>
<kw name="Post" library="REST">
<tags>
<tag>http</tag>
</tags>
<doc>*Sends a POST request to the endpoint.*</doc>
<arguments>
<arg>${CONNECTOR_PATH}</arg>
<arg>${body}</arg>
</arguments>
<status status="PASS" starttime="20210516 19:52:19.358" endtime="20210516 19:52:20.213"></status>
</kw>
<kw name="Output Schema" library="REST">
<tags>
<tag>I/O</tag>
</tags>
<doc>*Outputs JSON Schema to terminal or a file.*</doc>
<arguments>
<arg>response body</arg>
</arguments>
<msg timestamp="20210516 19:52:20.214" level="INFO">
{
    "type": "object",
    "properties": {
        "@context": {
            "type": "string",
            "default": "https://standards.oftrust.net/v2/Context/DataProductOutput/Sensor/"
        },
        "data": {
            "type": "object",
            "properties": {
                "sensors": {
                    "type": "array",
                    "items": {
                        "type": "object",
                        "properties": {
                            "id": {
                                "type": "object",
                                "properties": {
                                    "idOfLocation": {
                                        "type": "string"
                                    },
                                    "idOfSensor": {
                                        "type": "string"
                                    },
                                    "name": {
                                        "type": "string"
                                    }
                                },
                                "required": [
                                    "idOfLocation",
                                    "idOfSensor",
                                    "name"
                                ]
                            },
                            "measurements": {
                                "type": "array",
                                "items": {
                                    "type": "object",
                                    "properties": {
                                        "@type": {
                                            "type": "string"
                                        },
                                        "timestamp": {
                                            "type": "string"
                                        },
                                        "value": {
                                            "type": "number"
                                        }
                                    },
                                    "required": [
                                        "@type",
                                        "timestamp",
                                        "value"
                                    ]
                                }
                            }
                        },
                        "required": [
                            "id",
                            "measurements"
                        ]
                    },
                    "default": [
                        {
                            "id": {
                                "idOfLocation": "5d779cb9541b0613acf44c25",
                                "idOfSensor": "5cee81ac541b0667cc783518",
                                "name": "A02 / 102B Ruokasali"
                            },
                            "measurements": [
                                {
                                    "@type": "MeasureAirTemperatureCelsiusDegree",
                                    "timestamp": "2021-03-04T08:04:34.000Z",
                                    "value": 22.5
                                },
                                {
                                    "@type": "MeasureAirTemperatureCelsiusDegree",
                                    "timestamp": "2021-03-04T08:34:35.000Z",
                                    "value": 22.5
                                },
                                {
                                    "@type": "MeasureAirHumidityPercent",
                                    "timestamp": "2021-03-04T08:04:34.000Z",
                                    "value": 14
                                },
                                {
                                    "@type": "MeasureAirHumidityPercent",
                                    "timestamp": "2021-03-04T08:34:35.000Z",
                                    "value": 16
                                }
                            ]
                        },
                        {
                            "id": {
                                "idOfLocation": "5d779cb9541b0613acf44c25",
                                "idOfSensor": "5cee8196541b0667cc7834a5",
                                "name": "A09 / 248 Opettajanhuone"
                            },
                            "measurements": [
                                {
                                    "@type": "MeasureAirTemperatureCelsiusDegree",
                                    "timestamp": "2021-03-04T08:04:38.000Z",
                                    "value": 22.3
                                },
                                {
                                    "@type": "MeasureAirTemperatureCelsiusDegree",
                                    "timestamp": "2021-03-04T08:34:38.000Z",
                                    "value": 22.5
                                },
                                {
                                    "@type": "MeasureAirHumidityPercent",
                                    "timestamp": "2021-03-04T08:04:38.000Z",
                                    "value": 16
                                },
                                {
                                    "@type": "MeasureAirHumidityPercent",
                                    "timestamp": "2021-03-04T08:34:38.000Z",
                                    "value": 14
                                }
                            ]
                        },
                        {
                            "id": {
                                "idOfLocation": "5d779cb9541b0613acf44c25",
                                "idOfSensor": "5cee81f6541b0667cc783691",
                                "name": "A08 / 181 Kuvataide/tekstiili"
                            },
                            "measurements": [
                                {
                                    "@type": "MeasureAirTemperatureCelsiusDegree",
                                    "timestamp": "2021-03-04T08:22:41.000Z",
                                    "value": 22.8
                                },
                                {
                                    "@type": "MeasureAirHumidityPercent",
                                    "timestamp": "2021-03-04T08:22:41.000Z",
                                    "value": 14
                                }
                            ]
                        }
                    ]
                }
            },
            "required": [
                "sensors"
            ]
        },
        "signature": {
            "type": "object",
            "properties": {
                "type": {
                    "type": "string",
                    "default": "RsaSignature2018"
                },
                "created": {
                    "type": "string",
                    "default": "2021-05-16T19:52:20+03:00"
                },
                "creator": {
                    "type": "string",
                    "default": "http://localhost:8080/translator/v1/public.key"
                },
                "signatureValue": {
                    "type": "string",
                    "default": "2Vt3+IwvYH7xosfSlkpzO/sUphtpK2veJmLnxqWIJp5fodp/KGSQiN/DQ/kdF/YM7KIYGFAKo/YNjAnqpuFOwfrrNUZr9xTXPVPaVE0hhzV9lYozD5Z9NcfTeKCdsdmco9NtkJuB9sIzzX6aKezWIy7+pYWj/4SjTSmlQqeWrbGejY+zgd+Phk/zc6GhHfbpBDeG5jPH8tJpHIg7APD2r60MKh/krf9VNiWIP85fN2pzdOBRtexIYf087dZe46J+hhLtpnEWGhBrI/TfzkzBJ3zQJdr+xGS4YF9hol3KFr+g5+dDJx5+eSPNPfPJyyyXpZbmw02uqy83I2EC35cxjQn660RLlMbTjtYYAjj/l/wz8MV7KO4yis83124nQVeYxTrdiLhhRuX/H4iCW9RFW/h8t4VLjsqjoOApvXEnIeUzLW8ohaZVuGwNRLip9Oq9v6vMxRsm6YW41lJ+x71F/YFnGiEJOG5SkfespgGk9yT/Wc+rOp0Odj4bYkhbKMLEtuX51UodB9PZlJOaX6D4/CeyozlZ+j7dhry7Mym1tWJxHaUyyQC9ognOly5cx9ZmZ6mfvsv3a/5dvHZ9TkoDekmTywf+rOjcWYCWSgaRqdwlp6lFqhYr8Bo566Mc/A4GKN39+BrSbfrsMIZt+QV3VZuutc9Q5jUiED3y++Z+Btg="
                }
            },
            "required": [
                "created",
                "creator",
                "signatureValue",
                "type"
            ]
        }
    },
    "required": [
        "@context",
        "data",
        "signature"
    ]
}</msg>
<status status="PASS" starttime="20210516 19:52:20.213" endtime="20210516 19:52:20.239"></status>
</kw>
<status status="PASS" starttime="20210516 19:52:19.351" endtime="20210516 19:52:20.240"></status>
</kw>
<kw name="Integer" library="REST">
<tags>
<tag>assertions</tag>
</tags>
<doc>*Asserts the field as JSON integer.*</doc>
<arguments>
<arg>response status</arg>
<arg>200</arg>
</arguments>
<status status="PASS" starttime="20210516 19:52:20.241" endtime="20210516 19:52:20.243"></status>
</kw>
<kw name="String" library="REST">
<tags>
<tag>assertions</tag>
</tags>
<doc>*Asserts the field as JSON string.*</doc>
<arguments>
<arg>response body @context</arg>
<arg>https://standards.oftrust.net/v2/Context/DataProductOutput/Sensor/</arg>
</arguments>
<status status="PASS" starttime="20210516 19:52:20.244" endtime="20210516 19:52:20.245"></status>
</kw>
<kw name="Object" library="REST">
<tags>
<tag>assertions</tag>
</tags>
<doc>*Asserts the field as JSON object.*</doc>
<arguments>
<arg>response body data</arg>
</arguments>
<status status="PASS" starttime="20210516 19:52:20.246" endtime="20210516 19:52:20.249"></status>
</kw>
<kw name="Array" library="REST">
<tags>
<tag>assertions</tag>
</tags>
<doc>*Asserts the field as JSON array.*</doc>
<arguments>
<arg>response body data sensors</arg>
</arguments>
<status status="PASS" starttime="20210516 19:52:20.250" endtime="20210516 19:52:20.253"></status>
</kw>
<kw name="Object" library="REST">
<tags>
<tag>assertions</tag>
</tags>
<doc>*Asserts the field as JSON object.*</doc>
<arguments>
<arg>response body data sensors 0 id</arg>
</arguments>
<status status="PASS" starttime="20210516 19:52:20.253" endtime="20210516 19:52:20.255"></status>
</kw>
<kw name="Array" library="REST">
<tags>
<tag>assertions</tag>
</tags>
<doc>*Asserts the field as JSON array.*</doc>
<arguments>
<arg>response body data sensors 0 measurements</arg>
</arguments>
<status status="PASS" starttime="20210516 19:52:20.255" endtime="20210516 19:52:20.257"></status>
</kw>
<kw name="String" library="REST">
<tags>
<tag>assertions</tag>
</tags>
<doc>*Asserts the field as JSON string.*</doc>
<arguments>
<arg>response body data sensors 0 measurements 0 @type</arg>
</arguments>
<status status="PASS" starttime="20210516 19:52:20.258" endtime="20210516 19:52:20.259"></status>
</kw>
<status status="PASS" starttime="20210516 19:52:19.333" endtime="20210516 19:52:20.260" critical="yes"></status>
</test>
<doc>kerava-indoor - REST</doc>
<status status="PASS" starttime="20210516 19:52:18.598" endtime="20210516 19:52:20.262"></status>
</suite>
<statistics>
<total>
<stat pass="1" fail="0">Critical Tests</stat>
<stat pass="1" fail="0">All Tests</stat>
</total>
<tag>
</tag>
<suite>
<stat pass="1" fail="0" id="s1" name="Connector Tests">Connector Tests</stat>
</suite>
</statistics>
<errors>
</errors>
</robot>
