<?xml version="1.0" encoding="UTF-8"?>
<robot generator="Robot 3.2.2 (Python 3.9.1 on win32)" generated="20210413 14:18:00.950" rpa="false">
<suite id="s1" name="Connector Tests" source="D:\POT\POT-SENNATTI\13-04-2021\multi-connector\robottests\connectors\senaatti\connector_tests.robot">
<test id="s1-t1" name="fetch, 200">
<kw name="Get Body">
<assign>
<var>${body}</var>
</assign>
<kw name="Copy Dictionary" library="Collections">
<doc>Returns a copy of the given dictionary.</doc>
<arguments>
<arg>${BROKER_BODY}</arg>
<arg>deepcopy=True</arg>
</arguments>
<assign>
<var>${body}</var>
</assign>
<msg timestamp="20210413 14:18:01.328" level="INFO">${body} = {'productCode': 'smartwatcher-senaatti', 'parameters': {'ids': ['30676c91-7d3f-46d9-81e3-0e91e9341ad3', '9cc364b0-acce-494a-9343-06ddc7fe0601', '11a44990-99cd-4a28-ab91-e42cc54b3ee9'], 'dataTypes': ['...</msg>
<status status="PASS" starttime="20210413 14:18:01.328" endtime="20210413 14:18:01.328"></status>
</kw>
<kw name="Get Current Date" library="DateTime">
<doc>Returns current local or UTC time with an optional increment.</doc>
<arguments>
<arg>time_zone=UTC</arg>
<arg>result_format=%Y-%m-%dT%H:%M:%S+00:00</arg>
</arguments>
<assign>
<var>${now}</var>
</assign>
<msg timestamp="20210413 14:18:01.329" level="INFO">${now} = 2021-04-13T08:48:01+00:00</msg>
<status status="PASS" starttime="20210413 14:18:01.328" endtime="20210413 14:18:01.329"></status>
</kw>
<kw name="Set To Dictionary" library="Collections">
<doc>Adds the given ``key_value_pairs`` and ``items`` to the ``dictionary``.</doc>
<arguments>
<arg>${body}</arg>
<arg>timestamp</arg>
<arg>${now}</arg>
</arguments>
<status status="PASS" starttime="20210413 14:18:01.329" endtime="20210413 14:18:01.329"></status>
</kw>
<kw name="Set To Dictionary" library="Collections">
<doc>Adds the given ``key_value_pairs`` and ``items`` to the ``dictionary``.</doc>
<arguments>
<arg>${body}</arg>
<arg>&amp;{kwargs}</arg>
</arguments>
<status status="PASS" starttime="20210413 14:18:01.329" endtime="20210413 14:18:01.330"></status>
</kw>
<kw name="Evaluate" library="BuiltIn">
<doc>Evaluates the given expression in Python and returns the result.</doc>
<arguments>
<arg>json.dumps(${body})</arg>
<arg>json</arg>
</arguments>
<assign>
<var>${json_string}</var>
</assign>
<msg timestamp="20210413 14:18:01.330" level="INFO">${json_string} = {"productCode": "smartwatcher-senaatti", "parameters": {"ids": ["30676c91-7d3f-46d9-81e3-0e91e9341ad3", "9cc364b0-acce-494a-9343-06ddc7fe0601", "11a44990-99cd-4a28-ab91-e42cc54b3ee9"], "dataTypes": ["...</msg>
<status status="PASS" starttime="20210413 14:18:01.330" endtime="20210413 14:18:01.330"></status>
</kw>
<msg timestamp="20210413 14:18:01.331" level="INFO">${body} = {'productCode': 'smartwatcher-senaatti', 'parameters': {'ids': ['30676c91-7d3f-46d9-81e3-0e91e9341ad3', '9cc364b0-acce-494a-9343-06ddc7fe0601', '11a44990-99cd-4a28-ab91-e42cc54b3ee9'], 'dataTypes': ['...</msg>
<status status="PASS" starttime="20210413 14:18:01.327" endtime="20210413 14:18:01.331"></status>
</kw>
<kw name="Fetch Data Product">
<arguments>
<arg>${body}</arg>
</arguments>
<kw name="Calculate Pot Signature" library="PoTLib">
<arguments>
<arg>${body}</arg>
<arg>${CLIENT_SECRET}</arg>
</arguments>
<assign>
<var>${signature}</var>
</assign>
<msg timestamp="20210413 14:18:01.332" level="INFO">${signature} = X77cd9fj8/WQJXjlgKfCCCZScdRTuhJup7lDY8yBTls=</msg>
<status status="PASS" starttime="20210413 14:18:01.332" endtime="20210413 14:18:01.332"></status>
</kw>
<kw name="Set Headers" library="REST">
<tags>
<tag>settings</tag>
</tags>
<doc>*Sets new request headers or updates the existing.*</doc>
<arguments>
<arg>{"x-pot-signature": "${signature}", "x-app-token": "${APP_TOKEN}"}</arg>
</arguments>
<status status="PASS" starttime="20210413 14:18:01.332" endtime="20210413 14:18:01.332"></status>
</kw>
<kw name="Post" library="REST">
<tags>
<tag>http</tag>
</tags>
<doc>*Sends a POST request to the endpoint.*</doc>
<arguments>
<arg>${CONNECTOR_PATH}</arg>
<arg>${body}</arg>
</arguments>
<status status="PASS" starttime="20210413 14:18:01.333" endtime="20210413 14:18:07.908"></status>
</kw>
<kw name="Output Schema" library="REST">
<tags>
<tag>I/O</tag>
</tags>
<doc>*Outputs JSON Schema to terminal or a file.*</doc>
<arguments>
<arg>response body</arg>
</arguments>
<msg timestamp="20210413 14:18:07.909" level="INFO">
{
    "type": "object",
    "properties": {
        "@context": {
            "type": "string",
            "default": "https://standards.oftrust.net/v2/Context/DataProductOutput/Sensor/"
        },
        "data": {
            "type": "object",
            "properties": {
                "sensors": {
                    "type": "array",
                    "items": {
                        "type": "object",
                        "properties": {
                            "id": {
                                "type": "string"
                            },
                            "measurements": {
                                "type": "array",
                                "items": {
                                    "type": "object",
                                    "properties": {
                                        "@type": {
                                            "type": "string"
                                        },
                                        "timestamp": {
                                            "type": "string"
                                        },
                                        "value": {
                                            "type": "number"
                                        }
                                    },
                                    "required": [
                                        "@type",
                                        "timestamp",
                                        "value"
                                    ]
                                }
                            }
                        },
                        "required": [
                            "id",
                            "measurements"
                        ]
                    },
                    "default": [
                        {
                            "id": "30676c91-7d3f-46d9-81e3-0e91e9341ad3",
                            "measurements": [
                                {
                                    "@type": "MeasureAirTemperatureCelsiusDegree",
                                    "timestamp": "2021-04-13T08:48:04.149Z",
                                    "value": 21.02
                                },
                                {
                                    "@type": "MeasureAirTemperatureCelsiusDegree",
                                    "timestamp": "2021-04-13T08:48:04.149Z",
                                    "value": 21.02
                                },
                                {
                                    "@type": "MeasureAirHumidityRH",
                                    "timestamp": "2021-04-13T08:48:06.477Z",
                                    "value": 28.5
                                },
                                {
                                    "@type": "MeasureAirHumidityRH",
                                    "timestamp": "2021-04-13T08:48:06.477Z",
                                    "value": 29
                                }
                            ]
                        },
                        {
                            "id": "9cc364b0-acce-494a-9343-06ddc7fe0601",
                            "measurements": [
                                {
                                    "@type": "MeasureAirTemperatureCelsiusDegree",
                                    "timestamp": "2021-04-13T08:48:05.129Z",
                                    "value": 20.6
                                },
                                {
                                    "@type": "MeasureAirTemperatureCelsiusDegree",
                                    "timestamp": "2021-04-13T08:48:05.129Z",
                                    "value": 20.6
                                },
                                {
                                    "@type": "MeasureAirHumidityRH",
                                    "timestamp": "2021-04-13T08:48:07.191Z",
                                    "value": 25
                                },
                                {
                                    "@type": "MeasureAirHumidityRH",
                                    "timestamp": "2021-04-13T08:48:07.192Z",
                                    "value": 25
                                }
                            ]
                        },
                        {
                            "id": "11a44990-99cd-4a28-ab91-e42cc54b3ee9",
                            "measurements": [
                                {
                                    "@type": "MeasureAirTemperatureCelsiusDegree",
                                    "timestamp": "2021-04-13T08:48:05.794Z",
                                    "value": 20.59
                                },
                                {
                                    "@type": "MeasureAirTemperatureCelsiusDegree",
                                    "timestamp": "2021-04-13T08:48:05.794Z",
                                    "value": 20.59
                                },
                                {
                                    "@type": "MeasureAirHumidityRH",
                                    "timestamp": "2021-04-13T08:48:07.830Z",
                                    "value": 25.5
                                },
                                {
                                    "@type": "MeasureAirHumidityRH",
                                    "timestamp": "2021-04-13T08:48:07.830Z",
                                    "value": 25.5
                                }
                            ]
                        }
                    ]
                }
            },
            "required": [
                "sensors"
            ]
        },
        "signature": {
            "type": "object",
            "properties": {
                "type": {
                    "type": "string",
                    "default": "RsaSignature2018"
                },
                "created": {
                    "type": "string",
                    "default": "2021-04-13T14:18:07+05:30"
                },
                "creator": {
                    "type": "string",
                    "default": "http://localhost:8080/translator/v1/public.key"
                },
                "signatureValue": {
                    "type": "string",
                    "default": "gzmbPfMNp/xi/F1l9mYhluDr/lXU4RkUE4+DTzhIZ0+/gMgunq8whbJJGXn4IHHH8CuJhmgh2IO+RviLCCeKQ7yKV7Z/xlZcl3Z8tFC3Tu9inYeRm4RqhbSMSehYkbCFjSdUGKjIR9QAZ1r/TFz7Q+00lwmi7EGu1VngK/hCNsiavrpuHTUspFSBstEKP+GuQP5qTRqhmLUEHbhLOoEqKkM4006/Id6yCo6sIyOmYieOdLrOSPLaHLEvsqxurHI2r0NgtdRaRf0YR3qzSpkfV4RGBmJeUSLjKQo6aoYE1z9w1hdz6i8bgKRJvYDspgbL6khZmzTLCVEQzRdG0JMccwdaIChxHA4qBs2G2PRgfFMI5BOI6bfsVo5xTAsmgnb85UWZC3H47IeRU37w6p0IgYxVKdBUBsmCV7g3gYwjCCftHip561V9zPuQDHFhlQRnHgtOXp06Ob3sTqno6pYw8r15uCbMm38ZaCwswkGi6CXp/qMOhtUAGCN+ODqtN+Uy8se1+gim54q+FJBZZjuSL2AU3wNQISZsEEsaM3o//Y0bjYiDj0fMwDX/B9O17CZAC1v0R7IonJl3Xln5cPHU+eXKWXo+QIWXqK/1oTOXRcvWdijwMZfVHl5f7Hf7MokVfRq6h5ZMenkTv7BvMlOMmLlxrsurrAAROTxIfs5Vbqc="
                }
            },
            "required": [
                "created",
                "creator",
                "signatureValue",
                "type"
            ]
        }
    },
    "required": [
        "@context",
        "data",
        "signature"
    ]
}</msg>
<status status="PASS" starttime="20210413 14:18:07.908" endtime="20210413 14:18:07.942"></status>
</kw>
<status status="PASS" starttime="20210413 14:18:01.331" endtime="20210413 14:18:07.943"></status>
</kw>
<kw name="Integer" library="REST">
<tags>
<tag>assertions</tag>
</tags>
<doc>*Asserts the field as JSON integer.*</doc>
<arguments>
<arg>response status</arg>
<arg>200</arg>
</arguments>
<status status="PASS" starttime="20210413 14:18:07.946" endtime="20210413 14:18:07.959"></status>
</kw>
<kw name="String" library="REST">
<tags>
<tag>assertions</tag>
</tags>
<doc>*Asserts the field as JSON string.*</doc>
<arguments>
<arg>response body @context</arg>
<arg>https://standards.oftrust.net/v2/Context/DataProductOutput/Sensor/</arg>
</arguments>
<status status="PASS" starttime="20210413 14:18:07.961" endtime="20210413 14:18:07.966"></status>
</kw>
<kw name="Object" library="REST">
<tags>
<tag>assertions</tag>
</tags>
<doc>*Asserts the field as JSON object.*</doc>
<arguments>
<arg>response body data</arg>
</arguments>
<status status="PASS" starttime="20210413 14:18:07.968" endtime="20210413 14:18:07.989"></status>
</kw>
<kw name="Array" library="REST">
<tags>
<tag>assertions</tag>
</tags>
<doc>*Asserts the field as JSON array.*</doc>
<arguments>
<arg>response body data sensors</arg>
</arguments>
<status status="PASS" starttime="20210413 14:18:08.017" endtime="20210413 14:18:08.021"></status>
</kw>
<kw name="String" library="REST">
<tags>
<tag>assertions</tag>
</tags>
<doc>*Asserts the field as JSON string.*</doc>
<arguments>
<arg>response body data sensors 0 id</arg>
</arguments>
<status status="PASS" starttime="20210413 14:18:08.052" endtime="20210413 14:18:08.053"></status>
</kw>
<kw name="Array" library="REST">
<tags>
<tag>assertions</tag>
</tags>
<doc>*Asserts the field as JSON array.*</doc>
<arguments>
<arg>response body data sensors 0 measurements</arg>
</arguments>
<status status="PASS" starttime="20210413 14:18:08.060" endtime="20210413 14:18:08.062"></status>
</kw>
<kw name="String" library="REST">
<tags>
<tag>assertions</tag>
</tags>
<doc>*Asserts the field as JSON string.*</doc>
<arguments>
<arg>response body data sensors 0 measurements 0 @type</arg>
</arguments>
<status status="PASS" starttime="20210413 14:18:08.063" endtime="20210413 14:18:08.067"></status>
</kw>
<status status="PASS" starttime="20210413 14:18:01.327" endtime="20210413 14:18:08.068" critical="yes"></status>
</test>
<doc>Smartwatcher - REST</doc>
<status status="PASS" starttime="20210413 14:18:00.966" endtime="20210413 14:18:08.072"></status>
</suite>
<statistics>
<total>
<stat pass="1" fail="0">Critical Tests</stat>
<stat pass="1" fail="0">All Tests</stat>
</total>
<tag>
</tag>
<suite>
<stat pass="1" fail="0" id="s1" name="Connector Tests">Connector Tests</stat>
</suite>
</statistics>
<errors>
</errors>
</robot>
