<?xml version="1.0" encoding="UTF-8"?>
<robot generator="Robot 3.2.2 (Python 3.9.1 on win32)" generated="20210407 20:57:19.413" rpa="false">
<suite id="s1" name="Connector Tests" source="D:\POT\POT-SENNATTI\07-04-2021 new\multi-connector\robottests\connectors\senaatti\connector_tests.robot">
<test id="s1-t1" name="fetch, 200">
<kw name="Get Body">
<assign>
<var>${body}</var>
</assign>
<kw name="Copy Dictionary" library="Collections">
<doc>Returns a copy of the given dictionary.</doc>
<arguments>
<arg>${BROKER_BODY}</arg>
<arg>deepcopy=True</arg>
</arguments>
<assign>
<var>${body}</var>
</assign>
<msg timestamp="20210407 20:57:19.765" level="INFO">${body} = {'productCode': 'smartwatcher-senaatti', 'parameters': {'ids': ['30676c91-7d3f-46d9-81e3-0e91e9341ad3', '9cc364b0-acce-494a-9343-06ddc7fe0601', '11a44990-99cd-4a28-ab91-e42cc54b3ee9'], 'dataTypes': ['...</msg>
<status status="PASS" starttime="20210407 20:57:19.764" endtime="20210407 20:57:19.765"></status>
</kw>
<kw name="Get Current Date" library="DateTime">
<doc>Returns current local or UTC time with an optional increment.</doc>
<arguments>
<arg>time_zone=UTC</arg>
<arg>result_format=%Y-%m-%dT%H:%M:%S+00:00</arg>
</arguments>
<assign>
<var>${now}</var>
</assign>
<msg timestamp="20210407 20:57:19.765" level="INFO">${now} = 2021-04-07T15:27:19+00:00</msg>
<status status="PASS" starttime="20210407 20:57:19.765" endtime="20210407 20:57:19.765"></status>
</kw>
<kw name="Set To Dictionary" library="Collections">
<doc>Adds the given ``key_value_pairs`` and ``items`` to the ``dictionary``.</doc>
<arguments>
<arg>${body}</arg>
<arg>timestamp</arg>
<arg>${now}</arg>
</arguments>
<status status="PASS" starttime="20210407 20:57:19.765" endtime="20210407 20:57:19.766"></status>
</kw>
<kw name="Set To Dictionary" library="Collections">
<doc>Adds the given ``key_value_pairs`` and ``items`` to the ``dictionary``.</doc>
<arguments>
<arg>${body}</arg>
<arg>&amp;{kwargs}</arg>
</arguments>
<status status="PASS" starttime="20210407 20:57:19.766" endtime="20210407 20:57:19.766"></status>
</kw>
<kw name="Evaluate" library="BuiltIn">
<doc>Evaluates the given expression in Python and returns the result.</doc>
<arguments>
<arg>json.dumps(${body})</arg>
<arg>json</arg>
</arguments>
<assign>
<var>${json_string}</var>
</assign>
<msg timestamp="20210407 20:57:19.766" level="INFO">${json_string} = {"productCode": "smartwatcher-senaatti", "parameters": {"ids": ["30676c91-7d3f-46d9-81e3-0e91e9341ad3", "9cc364b0-acce-494a-9343-06ddc7fe0601", "11a44990-99cd-4a28-ab91-e42cc54b3ee9"], "dataTypes": ["...</msg>
<status status="PASS" starttime="20210407 20:57:19.766" endtime="20210407 20:57:19.766"></status>
</kw>
<msg timestamp="20210407 20:57:19.767" level="INFO">${body} = {'productCode': 'smartwatcher-senaatti', 'parameters': {'ids': ['30676c91-7d3f-46d9-81e3-0e91e9341ad3', '9cc364b0-acce-494a-9343-06ddc7fe0601', '11a44990-99cd-4a28-ab91-e42cc54b3ee9'], 'dataTypes': ['...</msg>
<status status="PASS" starttime="20210407 20:57:19.764" endtime="20210407 20:57:19.767"></status>
</kw>
<kw name="Fetch Data Product">
<arguments>
<arg>${body}</arg>
</arguments>
<kw name="Calculate Pot Signature" library="PoTLib">
<arguments>
<arg>${body}</arg>
<arg>${CLIENT_SECRET}</arg>
</arguments>
<assign>
<var>${signature}</var>
</assign>
<msg timestamp="20210407 20:57:19.768" level="INFO">${signature} = CnnA/DYC0m5wEnmf5PyTEa+HK85dAM49pXizTgsf9nI=</msg>
<status status="PASS" starttime="20210407 20:57:19.767" endtime="20210407 20:57:19.768"></status>
</kw>
<kw name="Set Headers" library="REST">
<tags>
<tag>settings</tag>
</tags>
<doc>*Sets new request headers or updates the existing.*</doc>
<arguments>
<arg>{"x-pot-signature": "${signature}", "x-app-token": "${APP_TOKEN}"}</arg>
</arguments>
<status status="PASS" starttime="20210407 20:57:19.768" endtime="20210407 20:57:19.768"></status>
</kw>
<kw name="Post" library="REST">
<tags>
<tag>http</tag>
</tags>
<doc>*Sends a POST request to the endpoint.*</doc>
<arguments>
<arg>${CONNECTOR_PATH}</arg>
<arg>${body}</arg>
</arguments>
<status status="PASS" starttime="20210407 20:57:19.769" endtime="20210407 20:57:28.545"></status>
</kw>
<kw name="Output Schema" library="REST">
<tags>
<tag>I/O</tag>
</tags>
<doc>*Outputs JSON Schema to terminal or a file.*</doc>
<arguments>
<arg>response body</arg>
</arguments>
<msg timestamp="20210407 20:57:28.546" level="INFO">
{
    "type": "object",
    "properties": {
        "@context": {
            "type": "string",
            "default": "https://standards.oftrust.net/v2/Context/DataProductOutput/Sensor/"
        },
        "data": {
            "type": "object",
            "properties": {
                "rooms": {
                    "type": "array",
                    "items": {
                        "type": "object",
                        "properties": {
                            "id": {
                                "type": "string"
                            },
                            "measurements": {
                                "type": "array",
                                "items": {
                                    "type": "object",
                                    "properties": {
                                        "@type": {
                                            "type": "string"
                                        },
                                        "timestamp": {
                                            "type": "string"
                                        },
                                        "value": {
                                            "type": "number"
                                        }
                                    },
                                    "required": [
                                        "@type",
                                        "timestamp",
                                        "value"
                                    ]
                                }
                            }
                        },
                        "required": [
                            "id",
                            "measurements"
                        ]
                    },
                    "default": [
                        {
                            "id": "30676c91-7d3f-46d9-81e3-0e91e9341ad3",
                            "measurements": [
                                {
                                    "@type": "MeasureAirTemperatureCelsiusDegree",
                                    "timestamp": "2021-04-07T15:27:22.728Z",
                                    "value": 21.11
                                },
                                {
                                    "@type": "MeasureAirTemperatureCelsiusDegree",
                                    "timestamp": "2021-04-07T15:27:22.728Z",
                                    "value": 21.06
                                },
                                {
                                    "@type": "MeasureAirTemperatureCelsiusDegree",
                                    "timestamp": "2021-04-07T15:27:22.728Z",
                                    "value": 21.05
                                },
                                {
                                    "@type": "MeasureAirTemperatureCelsiusDegree",
                                    "timestamp": "2021-04-07T15:27:22.728Z",
                                    "value": 21.04
                                },
                                {
                                    "@type": "MeasureAirTemperatureCelsiusDegree",
                                    "timestamp": "2021-04-07T15:27:22.728Z",
                                    "value": 21.02
                                },
                                {
                                    "@type": "MeasureAirTemperatureCelsiusDegree",
                                    "timestamp": "2021-04-07T15:27:22.728Z",
                                    "value": 21.02
                                },
                                {
                                    "@type": "MeasureAirTemperatureCelsiusDegree",
                                    "timestamp": "2021-04-07T15:27:22.729Z",
                                    "value": 21.14
                                },
                                {
                                    "@type": "MeasureAirTemperatureCelsiusDegree",
                                    "timestamp": "2021-04-07T15:27:22.729Z",
                                    "value": 21.13
                                },
                                {
                                    "@type": "MeasureAirTemperatureCelsiusDegree",
                                    "timestamp": "2021-04-07T15:27:22.738Z",
                                    "value": 21.19
                                },
                                {
                                    "@type": "MeasureAirTemperatureCelsiusDegree",
                                    "timestamp": "2021-04-07T15:27:22.738Z",
                                    "value": 21.18
                                },
                                {
                                    "@type": "MeasureAirTemperatureCelsiusDegree",
                                    "timestamp": "2021-04-07T15:27:22.738Z",
                                    "value": 21.15
                                },
                                {
                                    "@type": "MeasureAirTemperatureCelsiusDegree",
                                    "timestamp": "2021-04-07T15:27:22.739Z",
                                    "value": 21.28
                                },
                                {
                                    "@type": "MeasureAirTemperatureCelsiusDegree",
                                    "timestamp": "2021-04-07T15:27:22.739Z",
                                    "value": 21.28
                                },
                                {
                                    "@type": "MeasureAirTemperatureCelsiusDegree",
                                    "timestamp": "2021-04-07T15:27:22.739Z",
                                    "value": 21.26
                                },
                                {
                                    "@type": "MeasureAirTemperatureCelsiusDegree",
                                    "timestamp": "2021-04-07T15:27:22.739Z",
                                    "value": 21.26
                                },
                                {
                                    "@type": "MeasureAirTemperatureCelsiusDegree",
                                    "timestamp": "2021-04-07T15:27:22.739Z",
                                    "value": 21.25
                                },
                                {
                                    "@type": "MeasureAirTemperatureCelsiusDegree",
                                    "timestamp": "2021-04-07T15:27:22.739Z",
                                    "value": 21.24
                                },
                                {
                                    "@type": "MeasureAirTemperatureCelsiusDegree",
                                    "timestamp": "2021-04-07T15:27:22.739Z",
                                    "value": 21.22
                                },
                                {
                                    "@type": "MeasureAirTemperatureCelsiusDegree",
                                    "timestamp": "2021-04-07T15:27:22.739Z",
                                    "value": 21.21
                                }
                            ]
                        },
                        {
                            "id": "9cc364b0-acce-494a-9343-06ddc7fe0601",
                            "measurements": [
                                {
                                    "@type": "MeasureAirTemperatureCelsiusDegree",
                                    "timestamp": "2021-04-07T15:27:23.672Z",
                                    "value": 20.61
                                },
                                {
                                    "@type": "MeasureAirTemperatureCelsiusDegree",
                                    "timestamp": "2021-04-07T15:27:23.672Z",
                                    "value": 20.61
                                },
                                {
                                    "@type": "MeasureAirTemperatureCelsiusDegree",
                                    "timestamp": "2021-04-07T15:27:23.672Z",
                                    "value": 20.61
                                },
                                {
                                    "@type": "MeasureAirTemperatureCelsiusDegree",
                                    "timestamp": "2021-04-07T15:27:23.672Z",
                                    "value": 20.61
                                },
                                {
                                    "@type": "MeasureAirTemperatureCelsiusDegree",
                                    "timestamp": "2021-04-07T15:27:23.672Z",
                                    "value": 20.62
                                },
                                {
                                    "@type": "MeasureAirTemperatureCelsiusDegree",
                                    "timestamp": "2021-04-07T15:27:23.672Z",
                                    "value": 20.62
                                },
                                {
                                    "@type": "MeasureAirTemperatureCelsiusDegree",
                                    "timestamp": "2021-04-07T15:27:23.672Z",
                                    "value": 20.62
                                },
                                {
                                    "@type": "MeasureAirTemperatureCelsiusDegree",
                                    "timestamp": "2021-04-07T15:27:23.672Z",
                                    "value": 20.63
                                },
                                {
                                    "@type": "MeasureAirTemperatureCelsiusDegree",
                                    "timestamp": "2021-04-07T15:27:23.672Z",
                                    "value": 20.63
                                },
                                {
                                    "@type": "MeasureAirTemperatureCelsiusDegree",
                                    "timestamp": "2021-04-07T15:27:23.672Z",
                                    "value": 20.63
                                },
                                {
                                    "@type": "MeasureAirTemperatureCelsiusDegree",
                                    "timestamp": "2021-04-07T15:27:23.672Z",
                                    "value": 20.64
                                },
                                {
                                    "@type": "MeasureAirTemperatureCelsiusDegree",
                                    "timestamp": "2021-04-07T15:27:23.672Z",
                                    "value": 20.64
                                },
                                {
                                    "@type": "MeasureAirTemperatureCelsiusDegree",
                                    "timestamp": "2021-04-07T15:27:23.672Z",
                                    "value": 20.65
                                },
                                {
                                    "@type": "MeasureAirTemperatureCelsiusDegree",
                                    "timestamp": "2021-04-07T15:27:23.672Z",
                                    "value": 20.64
                                },
                                {
                                    "@type": "MeasureAirTemperatureCelsiusDegree",
                                    "timestamp": "2021-04-07T15:27:23.672Z",
                                    "value": 20.62
                                },
                                {
                                    "@type": "MeasureAirTemperatureCelsiusDegree",
                                    "timestamp": "2021-04-07T15:27:23.672Z",
                                    "value": 20.62
                                },
                                {
                                    "@type": "MeasureAirTemperatureCelsiusDegree",
                                    "timestamp": "2021-04-07T15:27:23.672Z",
                                    "value": 20.6
                                },
                                {
                                    "@type": "MeasureAirTemperatureCelsiusDegree",
                                    "timestamp": "2021-04-07T15:27:23.672Z",
                                    "value": 20.59
                                },
                                {
                                    "@type": "MeasureAirTemperatureCelsiusDegree",
                                    "timestamp": "2021-04-07T15:27:23.672Z",
                                    "value": 20.6
                                },
                                {
                                    "@type": "MeasureAirTemperatureCelsiusDegree",
                                    "timestamp": "2021-04-07T15:27:23.672Z",
                                    "value": 20.6
                                }
                            ]
                        },
                        {
                            "id": "11a44990-99cd-4a28-ab91-e42cc54b3ee9",
                            "measurements": [
                                {
                                    "@type": "MeasureAirTemperatureCelsiusDegree",
                                    "timestamp": "2021-04-07T15:27:24.329Z",
                                    "value": 20.5
                                },
                                {
                                    "@type": "MeasureAirTemperatureCelsiusDegree",
                                    "timestamp": "2021-04-07T15:27:24.329Z",
                                    "value": 20.5
                                },
                                {
                                    "@type": "MeasureAirTemperatureCelsiusDegree",
                                    "timestamp": "2021-04-07T15:27:24.329Z",
                                    "value": 20.51
                                },
                                {
                                    "@type": "MeasureAirTemperatureCelsiusDegree",
                                    "timestamp": "2021-04-07T15:27:24.329Z",
                                    "value": 20.51
                                },
                                {
                                    "@type": "MeasureAirTemperatureCelsiusDegree",
                                    "timestamp": "2021-04-07T15:27:24.329Z",
                                    "value": 20.52
                                },
                                {
                                    "@type": "MeasureAirTemperatureCelsiusDegree",
                                    "timestamp": "2021-04-07T15:27:24.329Z",
                                    "value": 20.53
                                },
                                {
                                    "@type": "MeasureAirTemperatureCelsiusDegree",
                                    "timestamp": "2021-04-07T15:27:24.329Z",
                                    "value": 20.52
                                },
                                {
                                    "@type": "MeasureAirTemperatureCelsiusDegree",
                                    "timestamp": "2021-04-07T15:27:24.329Z",
                                    "value": 20.52
                                },
                                {
                                    "@type": "MeasureAirTemperatureCelsiusDegree",
                                    "timestamp": "2021-04-07T15:27:24.329Z",
                                    "value": 20.53
                                },
                                {
                                    "@type": "MeasureAirTemperatureCelsiusDegree",
                                    "timestamp": "2021-04-07T15:27:24.329Z",
                                    "value": 20.53
                                },
                                {
                                    "@type": "MeasureAirTemperatureCelsiusDegree",
                                    "timestamp": "2021-04-07T15:27:24.329Z",
                                    "value": 20.54
                                },
                                {
                                    "@type": "MeasureAirTemperatureCelsiusDegree",
                                    "timestamp": "2021-04-07T15:27:24.329Z",
                                    "value": 20.54
                                },
                                {
                                    "@type": "MeasureAirTemperatureCelsiusDegree",
                                    "timestamp": "2021-04-07T15:27:24.329Z",
                                    "value": 20.54
                                },
                                {
                                    "@type": "MeasureAirTemperatureCelsiusDegree",
                                    "timestamp": "2021-04-07T15:27:24.329Z",
                                    "value": 20.54
                                },
                                {
                                    "@type": "MeasureAirTemperatureCelsiusDegree",
                                    "timestamp": "2021-04-07T15:27:24.329Z",
                                    "value": 20.55
                                },
                                {
                                    "@type": "MeasureAirTemperatureCelsiusDegree",
                                    "timestamp": "2021-04-07T15:27:24.329Z",
                                    "value": 20.55
                                },
                                {
                                    "@type": "MeasureAirTemperatureCelsiusDegree",
                                    "timestamp": "2021-04-07T15:27:24.329Z",
                                    "value": 20.56
                                },
                                {
                                    "@type": "MeasureAirTemperatureCelsiusDegree",
                                    "timestamp": "2021-04-07T15:27:24.329Z",
                                    "value": 20.59
                                },
                                {
                                    "@type": "MeasureAirTemperatureCelsiusDegree",
                                    "timestamp": "2021-04-07T15:27:24.329Z",
                                    "value": 20.59
                                }
                            ]
                        },
                        {
                            "id": "30676c91-7d3f-46d9-81e3-0e91e9341ad3",
                            "measurements": [
                                {
                                    "@type": "MeasureAirHumidityPercentage",
                                    "timestamp": "2021-04-07T15:27:24.966Z",
                                    "value": 29.5
                                },
                                {
                                    "@type": "MeasureAirHumidityPercentage",
                                    "timestamp": "2021-04-07T15:27:24.966Z",
                                    "value": 29.5
                                },
                                {
                                    "@type": "MeasureAirHumidityPercentage",
                                    "timestamp": "2021-04-07T15:27:24.966Z",
                                    "value": 29
                                },
                                {
                                    "@type": "MeasureAirHumidityPercentage",
                                    "timestamp": "2021-04-07T15:27:24.966Z",
                                    "value": 29.5
                                },
                                {
                                    "@type": "MeasureAirHumidityPercentage",
                                    "timestamp": "2021-04-07T15:27:24.966Z",
                                    "value": 29
                                },
                                {
                                    "@type": "MeasureAirHumidityPercentage",
                                    "timestamp": "2021-04-07T15:27:24.966Z",
                                    "value": 29
                                },
                                {
                                    "@type": "MeasureAirHumidityPercentage",
                                    "timestamp": "2021-04-07T15:27:24.966Z",
                                    "value": 29
                                },
                                {
                                    "@type": "MeasureAirHumidityPercentage",
                                    "timestamp": "2021-04-07T15:27:24.966Z",
                                    "value": 29.5
                                },
                                {
                                    "@type": "MeasureAirHumidityPercentage",
                                    "timestamp": "2021-04-07T15:27:24.966Z",
                                    "value": 29
                                },
                                {
                                    "@type": "MeasureAirHumidityPercentage",
                                    "timestamp": "2021-04-07T15:27:24.966Z",
                                    "value": 29
                                },
                                {
                                    "@type": "MeasureAirHumidityPercentage",
                                    "timestamp": "2021-04-07T15:27:24.966Z",
                                    "value": 29
                                },
                                {
                                    "@type": "MeasureAirHumidityPercentage",
                                    "timestamp": "2021-04-07T15:27:24.966Z",
                                    "value": 28.5
                                },
                                {
                                    "@type": "MeasureAirHumidityPercentage",
                                    "timestamp": "2021-04-07T15:27:24.966Z",
                                    "value": 29
                                },
                                {
                                    "@type": "MeasureAirHumidityPercentage",
                                    "timestamp": "2021-04-07T15:27:24.967Z",
                                    "value": 29.5
                                },
                                {
                                    "@type": "MeasureAirHumidityPercentage",
                                    "timestamp": "2021-04-07T15:27:24.967Z",
                                    "value": 29.5
                                },
                                {
                                    "@type": "MeasureAirHumidityPercentage",
                                    "timestamp": "2021-04-07T15:27:24.967Z",
                                    "value": 29.5
                                },
                                {
                                    "@type": "MeasureAirHumidityPercentage",
                                    "timestamp": "2021-04-07T15:27:24.967Z",
                                    "value": 29.5
                                },
                                {
                                    "@type": "MeasureAirHumidityPercentage",
                                    "timestamp": "2021-04-07T15:27:24.967Z",
                                    "value": 29.5
                                },
                                {
                                    "@type": "MeasureAirHumidityPercentage",
                                    "timestamp": "2021-04-07T15:27:24.967Z",
                                    "value": 29.5
                                }
                            ]
                        },
                        {
                            "id": "9cc364b0-acce-494a-9343-06ddc7fe0601",
                            "measurements": [
                                {
                                    "@type": "MeasureAirHumidityPercentage",
                                    "timestamp": "2021-04-07T15:27:25.615Z",
                                    "value": 25
                                },
                                {
                                    "@type": "MeasureAirHumidityPercentage",
                                    "timestamp": "2021-04-07T15:27:25.616Z",
                                    "value": 25
                                },
                                {
                                    "@type": "MeasureAirHumidityPercentage",
                                    "timestamp": "2021-04-07T15:27:25.616Z",
                                    "value": 25
                                },
                                {
                                    "@type": "MeasureAirHumidityPercentage",
                                    "timestamp": "2021-04-07T15:27:25.616Z",
                                    "value": 25
                                },
                                {
                                    "@type": "MeasureAirHumidityPercentage",
                                    "timestamp": "2021-04-07T15:27:25.616Z",
                                    "value": 25
                                },
                                {
                                    "@type": "MeasureAirHumidityPercentage",
                                    "timestamp": "2021-04-07T15:27:25.616Z",
                                    "value": 25
                                },
                                {
                                    "@type": "MeasureAirHumidityPercentage",
                                    "timestamp": "2021-04-07T15:27:25.616Z",
                                    "value": 25
                                },
                                {
                                    "@type": "MeasureAirHumidityPercentage",
                                    "timestamp": "2021-04-07T15:27:25.616Z",
                                    "value": 25
                                },
                                {
                                    "@type": "MeasureAirHumidityPercentage",
                                    "timestamp": "2021-04-07T15:27:25.616Z",
                                    "value": 25
                                },
                                {
                                    "@type": "MeasureAirHumidityPercentage",
                                    "timestamp": "2021-04-07T15:27:25.616Z",
                                    "value": 25
                                },
                                {
                                    "@type": "MeasureAirHumidityPercentage",
                                    "timestamp": "2021-04-07T15:27:25.616Z",
                                    "value": 25
                                },
                                {
                                    "@type": "MeasureAirHumidityPercentage",
                                    "timestamp": "2021-04-07T15:27:25.616Z",
                                    "value": 25
                                },
                                {
                                    "@type": "MeasureAirHumidityPercentage",
                                    "timestamp": "2021-04-07T15:27:25.616Z",
                                    "value": 25
                                },
                                {
                                    "@type": "MeasureAirHumidityPercentage",
                                    "timestamp": "2021-04-07T15:27:25.616Z",
                                    "value": 25
                                },
                                {
                                    "@type": "MeasureAirHumidityPercentage",
                                    "timestamp": "2021-04-07T15:27:25.616Z",
                                    "value": 25
                                },
                                {
                                    "@type": "MeasureAirHumidityPercentage",
                                    "timestamp": "2021-04-07T15:27:25.616Z",
                                    "value": 25
                                },
                                {
                                    "@type": "MeasureAirHumidityPercentage",
                                    "timestamp": "2021-04-07T15:27:25.616Z",
                                    "value": 25
                                },
                                {
                                    "@type": "MeasureAirHumidityPercentage",
                                    "timestamp": "2021-04-07T15:27:25.616Z",
                                    "value": 25
                                },
                                {
                                    "@type": "MeasureAirHumidityPercentage",
                                    "timestamp": "2021-04-07T15:27:25.616Z",
                                    "value": 25
                                },
                                {
                                    "@type": "MeasureAirHumidityPercentage",
                                    "timestamp": "2021-04-07T15:27:25.616Z",
                                    "value": 25
                                }
                            ]
                        },
                        {
                            "id": "11a44990-99cd-4a28-ab91-e42cc54b3ee9",
                            "measurements": [
                                {
                                    "@type": "MeasureAirHumidityPercentage",
                                    "timestamp": "2021-04-07T15:27:26.235Z",
                                    "value": 25.5
                                },
                                {
                                    "@type": "MeasureAirHumidityPercentage",
                                    "timestamp": "2021-04-07T15:27:26.235Z",
                                    "value": 25.5
                                },
                                {
                                    "@type": "MeasureAirHumidityPercentage",
                                    "timestamp": "2021-04-07T15:27:26.235Z",
                                    "value": 25.5
                                },
                                {
                                    "@type": "MeasureAirHumidityPercentage",
                                    "timestamp": "2021-04-07T15:27:26.235Z",
                                    "value": 25.5
                                },
                                {
                                    "@type": "MeasureAirHumidityPercentage",
                                    "timestamp": "2021-04-07T15:27:26.235Z",
                                    "value": 25.5
                                },
                                {
                                    "@type": "MeasureAirHumidityPercentage",
                                    "timestamp": "2021-04-07T15:27:26.235Z",
                                    "value": 25.5
                                },
                                {
                                    "@type": "MeasureAirHumidityPercentage",
                                    "timestamp": "2021-04-07T15:27:26.235Z",
                                    "value": 25.5
                                },
                                {
                                    "@type": "MeasureAirHumidityPercentage",
                                    "timestamp": "2021-04-07T15:27:26.235Z",
                                    "value": 25.5
                                },
                                {
                                    "@type": "MeasureAirHumidityPercentage",
                                    "timestamp": "2021-04-07T15:27:26.235Z",
                                    "value": 25.5
                                },
                                {
                                    "@type": "MeasureAirHumidityPercentage",
                                    "timestamp": "2021-04-07T15:27:26.236Z",
                                    "value": 25.5
                                },
                                {
                                    "@type": "MeasureAirHumidityPercentage",
                                    "timestamp": "2021-04-07T15:27:26.236Z",
                                    "value": 25.5
                                },
                                {
                                    "@type": "MeasureAirHumidityPercentage",
                                    "timestamp": "2021-04-07T15:27:26.236Z",
                                    "value": 25.5
                                },
                                {
                                    "@type": "MeasureAirHumidityPercentage",
                                    "timestamp": "2021-04-07T15:27:26.236Z",
                                    "value": 25.5
                                },
                                {
                                    "@type": "MeasureAirHumidityPercentage",
                                    "timestamp": "2021-04-07T15:27:26.236Z",
                                    "value": 25.5
                                },
                                {
                                    "@type": "MeasureAirHumidityPercentage",
                                    "timestamp": "2021-04-07T15:27:26.236Z",
                                    "value": 25.5
                                },
                                {
                                    "@type": "MeasureAirHumidityPercentage",
                                    "timestamp": "2021-04-07T15:27:26.236Z",
                                    "value": 25.5
                                },
                                {
                                    "@type": "MeasureAirHumidityPercentage",
                                    "timestamp": "2021-04-07T15:27:26.236Z",
                                    "value": 25.5
                                },
                                {
                                    "@type": "MeasureAirHumidityPercentage",
                                    "timestamp": "2021-04-07T15:27:26.236Z",
                                    "value": 25.5
                                },
                                {
                                    "@type": "MeasureAirHumidityPercentage",
                                    "timestamp": "2021-04-07T15:27:26.236Z",
                                    "value": 25.5
                                }
                            ]
                        }
                    ]
                }
            },
            "required": [
                "rooms"
            ]
        },
        "signature": {
            "type": "object",
            "properties": {
                "type": {
                    "type": "string",
                    "default": "RsaSignature2018"
                },
                "created": {
                    "type": "string",
                    "default": "2021-04-07T20:57:26+05:30"
                },
                "creator": {
                    "type": "string",
                    "default": "http://localhost:8080/translator/v1/public.key"
                },
                "signatureValue": {
                    "type": "string",
                    "default": "F5qHLnhMs/kr2Rrtzq7pneoZwnBrJs2LdgcyUcWrePaTIsIUAWt8t+3Sr32OjoOIn+PrpVGi43fxG3yGNN9GzTN1oa4UHyeZ5S/nDrzee5PrPNKjReaiMfE+wBnUtaoXFbiMeObUzCYNQCMOuabtC8TjKDMoYJchWGYmcF51UgE16hM/107jbUsjVm4K9iE5XGB5vx9dUec3drrFxQz0HWaWPllXyGwGm2/ciOp3aC8PgISGXJYhxGlI3pyVrvTjmDXYwXti3OduaNBaGJTiWbEJ+XyopQKqA/JZknFSHHAvcsmA11jhy0brOTOcasTriLXlTpfKWYTYTRjBbrukLvxWT8K27PEe0hr4oNRTFhwmMmtORzxQV3pxsytFsNU09ztg5GhGYivHdQlX7x8yJfIkgfGHtFszb788JcqzV4NRivo80lft88CwDL7WGnqhyMQSxRdIo0myx/HMUv+XSaKuNJ/HKRKQN35/1VJ9U67W4oHIxUb36JBfaZDL6lmk758JkLM8JnBTvv9r9QuwPE81mW2tBU13ONJ1kyx9rR7oSVkvZUa6XeTbe7OVkc0FoING9ehyeN2ijwqPF8uVsG2MuDGOBA+tTjrcFzADuDdVnphXGt43pbIxJhjrU5nQfdJoqkj6yS6vNUL1Q2AKA39v2DzvnrJtkc15MFXlc8o="
                }
            },
            "required": [
                "created",
                "creator",
                "signatureValue",
                "type"
            ]
        }
    },
    "required": [
        "@context",
        "data",
        "signature"
    ]
}</msg>
<status status="PASS" starttime="20210407 20:57:28.545" endtime="20210407 20:57:28.663"></status>
</kw>
<status status="PASS" starttime="20210407 20:57:19.767" endtime="20210407 20:57:28.665"></status>
</kw>
<kw name="Integer" library="REST">
<tags>
<tag>assertions</tag>
</tags>
<doc>*Asserts the field as JSON integer.*</doc>
<arguments>
<arg>response status</arg>
<arg>200</arg>
</arguments>
<status status="PASS" starttime="20210407 20:57:28.668" endtime="20210407 20:57:28.671"></status>
</kw>
<kw name="String" library="REST">
<tags>
<tag>assertions</tag>
</tags>
<doc>*Asserts the field as JSON string.*</doc>
<arguments>
<arg>response body @context</arg>
<arg>https://standards.oftrust.net/v2/Context/DataProductOutput/Sensor/</arg>
</arguments>
<status status="PASS" starttime="20210407 20:57:28.672" endtime="20210407 20:57:28.684"></status>
</kw>
<kw name="Object" library="REST">
<tags>
<tag>assertions</tag>
</tags>
<doc>*Asserts the field as JSON object.*</doc>
<arguments>
<arg>response body data</arg>
</arguments>
<status status="PASS" starttime="20210407 20:57:28.688" endtime="20210407 20:57:28.704"></status>
</kw>
<kw name="Array" library="REST">
<tags>
<tag>assertions</tag>
</tags>
<doc>*Asserts the field as JSON array.*</doc>
<arguments>
<arg>response body data rooms</arg>
</arguments>
<status status="PASS" starttime="20210407 20:57:28.709" endtime="20210407 20:57:28.729"></status>
</kw>
<kw name="String" library="REST">
<tags>
<tag>assertions</tag>
</tags>
<doc>*Asserts the field as JSON string.*</doc>
<arguments>
<arg>response body data rooms 0 id</arg>
</arguments>
<status status="PASS" starttime="20210407 20:57:28.732" endtime="20210407 20:57:28.735"></status>
</kw>
<kw name="Array" library="REST">
<tags>
<tag>assertions</tag>
</tags>
<doc>*Asserts the field as JSON array.*</doc>
<arguments>
<arg>response body data rooms 0 measurements</arg>
</arguments>
<status status="PASS" starttime="20210407 20:57:28.744" endtime="20210407 20:57:28.757"></status>
</kw>
<kw name="String" library="REST">
<tags>
<tag>assertions</tag>
</tags>
<doc>*Asserts the field as JSON string.*</doc>
<arguments>
<arg>response body data rooms 0 measurements 0 @type</arg>
</arguments>
<status status="PASS" starttime="20210407 20:57:28.766" endtime="20210407 20:57:28.767"></status>
</kw>
<status status="PASS" starttime="20210407 20:57:19.762" endtime="20210407 20:57:28.769" critical="yes"></status>
</test>
<doc>Smartwatcher - REST</doc>
<status status="PASS" starttime="20210407 20:57:19.413" endtime="20210407 20:57:28.774"></status>
</suite>
<statistics>
<total>
<stat pass="1" fail="0">Critical Tests</stat>
<stat pass="1" fail="0">All Tests</stat>
</total>
<tag>
</tag>
<suite>
<stat pass="1" fail="0" id="s1" name="Connector Tests">Connector Tests</stat>
</suite>
</statistics>
<errors>
</errors>
</robot>
